<?xml version="1.0" encoding="UTF-8"?>
<testng-results skipped="0" failed="0" ignored="0" total="1" passed="1">
  <reporter-output>
  </reporter-output>
  <suite name="Default suite" duration-ms="10720" started-at="2022-02-24T03:32:39 IST" finished-at="2022-02-24T03:32:50 IST">
    <groups>
    </groups>
    <test name="Default test" duration-ms="10720" started-at="2022-02-24T03:32:39 IST" finished-at="2022-02-24T03:32:50 IST">
      <class name="com.qa.LoginTest">
        <test-method status="PASS" signature="browserLaunch()[pri:0, instance:com.qa.LoginTest@29b5cd00]" name="browserLaunch" is-config="true" duration-ms="6253" started-at="2022-02-24T03:32:39 IST" finished-at="2022-02-24T03:32:46 IST">
          <reporter-output>
          </reporter-output>
        </test-method> <!-- browserLaunch -->
        <test-method status="PASS" signature="logintForAccount()[pri:0, instance:com.qa.LoginTest@29b5cd00]" name="logintForAccount" duration-ms="4397" started-at="2022-02-24T03:32:46 IST" finished-at="2022-02-24T03:32:50 IST">
          <reporter-output>
          </reporter-output>
        </test-method> <!-- logintForAccount -->
      </class> <!-- com.qa.LoginTest -->
    </test> <!-- Default test -->
  </suite> <!-- Default suite -->
</testng-results>
